{
  "stats": {
    "suites": 1,
    "tests": 1,
    "passes": 1,
    "pending": 0,
    "failures": 0,
    "start": "2022-02-01T10:40:27.400Z",
    "end": "2022-02-01T10:40:59.028Z",
    "duration": 31628,
    "testsRegistered": 1,
    "passPercent": 100,
    "pendingPercent": 0,
    "other": 0,
    "hasOther": false,
    "skipped": 0,
    "hasSkipped": false
  },
  "results": [
    {
      "uuid": "6af602b7-7ca7-490e-810c-dc328aeeaf76",
      "title": "",
      "fullFile": "cypress/integration/CypressTestF1.js",
      "file": "cypress/integration/CypressTestF1.js",
      "beforeHooks": [],
      "afterHooks": [],
      "tests": [],
      "suites": [
        {
          "uuid": "88e6ec0c-713f-4de4-8e9b-5b88b1c40448",
          "title": "Cypress Feature Page Test",
          "fullFile": "",
          "file": "",
          "beforeHooks": [],
          "afterHooks": [],
          "tests": [
            {
              "title": "Go to Cypress Features Page",
              "fullTitle": "Cypress Feature Page Test Go to Cypress Features Page",
              "timedOut": null,
              "duration": 29472,
              "state": "passed",
              "speed": "slow",
              "pass": true,
              "fail": false,
              "pending": false,
              "context": null,
              "code": "cy.visit('https://www.cypress.io/features/');\ncy.get('.TestRunnerGui-sc-1bdra1y-2').scrollIntoView().should('be.visible');\ncy.wait(2000);\ncy.get('.FeaturesList-sc-6bwsh3-0 > .container').scrollIntoView().should('be.visible');\ncy.wait(2000);\ncy.get('.styled__Wrapper-sc-5ujzgx-0 > .container').scrollIntoView().should('be.visible');\ncy.wait(2000);\ncy.get(':nth-child(5) > .container').scrollIntoView().should('be.visible');\ncy.wait(2000);\ncy.get('main > :nth-child(6)').scrollIntoView().should('be.visible');\ncy.wait(2000);\ncy.get('main > :nth-child(7)').scrollIntoView().should('be.visible');\ncy.wait(2000);\ncy.get('.FollowUpBanner-sc-1lstvki-0').scrollIntoView().should('be.visible');\ncy.wait(2000);\ncy.get('.Footer-sc-1b1goem-0').scrollIntoView().should('be.visible');\ncy.wait(2000);",
              "err": {},
              "uuid": "4fd3b5cb-7390-4519-bd1d-3b206813ca80",
              "parentUUID": "88e6ec0c-713f-4de4-8e9b-5b88b1c40448",
              "isHook": false,
              "skipped": false
            }
          ],
          "suites": [],
          "passes": [
            "4fd3b5cb-7390-4519-bd1d-3b206813ca80"
          ],
          "failures": [],
          "pending": [],
          "skipped": [],
          "duration": 29472,
          "root": false,
          "rootEmpty": false,
          "_timeout": 2000
        }
      ],
      "passes": [],
      "failures": [],
      "pending": [],
      "skipped": [],
      "duration": 0,
      "root": true,
      "rootEmpty": true,
      "_timeout": 2000
    }
  ],
  "meta": {
    "mocha": {
      "version": "7.0.1"
    },
    "mochawesome": {
      "options": {
        "quiet": false,
        "reportFilename": "mochawesome",
        "saveHtml": false,
        "saveJson": true,
        "consoleReporter": "spec",
        "useInlineDiffs": false,
        "code": true
      },
      "version": "6.3.1"
    },
    "marge": {
      "options": {
        "reportDir": "cypress/reports/.jsons",
        "charts": true,
        "reportPageTitle": "My Test Suite",
        "embeddedScreenshots": true,
        "inlineAssets": true,
        "overwrite": false,
        "html": false,
        "json": true
      },
      "version": "5.2.0"
    }
  }
}