{
  "stats": {
    "suites": 1,
    "tests": 3,
    "passes": 3,
    "pending": 0,
    "failures": 0,
    "start": "2022-02-01T10:40:19.879Z",
    "end": "2022-02-01T10:40:23.246Z",
    "duration": 3367,
    "testsRegistered": 3,
    "passPercent": 100,
    "pendingPercent": 0,
    "other": 0,
    "hasOther": false,
    "skipped": 0,
    "hasSkipped": false
  },
  "results": [
    {
      "uuid": "c0319512-7019-4ca7-9192-889695a9ace1",
      "title": "",
      "fullFile": "cypress/integration/2-advanced-examples/window.spec.js",
      "file": "cypress/integration/2-advanced-examples/window.spec.js",
      "beforeHooks": [],
      "afterHooks": [],
      "tests": [],
      "suites": [
        {
          "uuid": "0e907ea2-cb0b-42b7-b40f-28ad6243f29e",
          "title": "Window",
          "fullFile": "",
          "file": "",
          "beforeHooks": [],
          "afterHooks": [],
          "tests": [
            {
              "title": "cy.window() - get the global window object",
              "fullTitle": "Window cy.window() - get the global window object",
              "timedOut": null,
              "duration": 980,
              "state": "passed",
              "speed": "fast",
              "pass": true,
              "fail": false,
              "pending": false,
              "context": null,
              "code": "// https://on.cypress.io/window\ncy.window().should('have.property', 'top');",
              "err": {},
              "uuid": "acd0a86c-f759-49de-8d5f-39e4bd70a6c3",
              "parentUUID": "0e907ea2-cb0b-42b7-b40f-28ad6243f29e",
              "isHook": false,
              "skipped": false
            },
            {
              "title": "cy.document() - get the document object",
              "fullTitle": "Window cy.document() - get the document object",
              "timedOut": null,
              "duration": 244,
              "state": "passed",
              "speed": "fast",
              "pass": true,
              "fail": false,
              "pending": false,
              "context": null,
              "code": "// https://on.cypress.io/document\ncy.document().should('have.property', 'charset').and('eq', 'UTF-8');",
              "err": {},
              "uuid": "8375ff5e-e3d7-46f9-82bd-b3dc38d2c67e",
              "parentUUID": "0e907ea2-cb0b-42b7-b40f-28ad6243f29e",
              "isHook": false,
              "skipped": false
            },
            {
              "title": "cy.title() - get the title",
              "fullTitle": "Window cy.title() - get the title",
              "timedOut": null,
              "duration": 257,
              "state": "passed",
              "speed": "fast",
              "pass": true,
              "fail": false,
              "pending": false,
              "context": null,
              "code": "// https://on.cypress.io/title\ncy.title().should('include', 'Kitchen Sink');",
              "err": {},
              "uuid": "f732b7ec-6255-41b4-8062-64bd04870007",
              "parentUUID": "0e907ea2-cb0b-42b7-b40f-28ad6243f29e",
              "isHook": false,
              "skipped": false
            }
          ],
          "suites": [],
          "passes": [
            "acd0a86c-f759-49de-8d5f-39e4bd70a6c3",
            "8375ff5e-e3d7-46f9-82bd-b3dc38d2c67e",
            "f732b7ec-6255-41b4-8062-64bd04870007"
          ],
          "failures": [],
          "pending": [],
          "skipped": [],
          "duration": 1481,
          "root": false,
          "rootEmpty": false,
          "_timeout": 2000
        }
      ],
      "passes": [],
      "failures": [],
      "pending": [],
      "skipped": [],
      "duration": 0,
      "root": true,
      "rootEmpty": true,
      "_timeout": 2000
    }
  ],
  "meta": {
    "mocha": {
      "version": "7.0.1"
    },
    "mochawesome": {
      "options": {
        "quiet": false,
        "reportFilename": "mochawesome",
        "saveHtml": false,
        "saveJson": true,
        "consoleReporter": "spec",
        "useInlineDiffs": false,
        "code": true
      },
      "version": "6.3.1"
    },
    "marge": {
      "options": {
        "reportDir": "cypress/reports/.jsons",
        "charts": true,
        "reportPageTitle": "My Test Suite",
        "embeddedScreenshots": true,
        "inlineAssets": true,
        "overwrite": false,
        "html": false,
        "json": true
      },
      "version": "5.2.0"
    }
  }
}