{
  "stats": {
    "suites": 1,
    "tests": 1,
    "passes": 1,
    "pending": 0,
    "failures": 0,
    "start": "2022-02-01T10:38:08.084Z",
    "end": "2022-02-01T10:38:11.237Z",
    "duration": 3153,
    "testsRegistered": 1,
    "passPercent": 100,
    "pendingPercent": 0,
    "other": 0,
    "hasOther": false,
    "skipped": 0,
    "hasSkipped": false
  },
  "results": [
    {
      "uuid": "3466c0e4-4bcc-4195-8bb0-e1e55dc5c1d5",
      "title": "",
      "fullFile": "cypress/integration/2-advanced-examples/local_storage.spec.js",
      "file": "cypress/integration/2-advanced-examples/local_storage.spec.js",
      "beforeHooks": [],
      "afterHooks": [],
      "tests": [],
      "suites": [
        {
          "uuid": "fe1a9a5c-3f5e-4711-a86e-b9a8abe94a40",
          "title": "Local Storage",
          "fullFile": "",
          "file": "",
          "beforeHooks": [],
          "afterHooks": [],
          "tests": [
            {
              "title": "cy.clearLocalStorage() - clear all data in local storage",
              "fullTitle": "Local Storage cy.clearLocalStorage() - clear all data in local storage",
              "timedOut": null,
              "duration": 1444,
              "state": "passed",
              "speed": "fast",
              "pass": true,
              "fail": false,
              "pending": false,
              "context": null,
              "code": "// https://on.cypress.io/clearlocalstorage\ncy.get('.ls-btn').click().should(() => {\n  expect(localStorage.getItem('prop1')).to.eq('red');\n  expect(localStorage.getItem('prop2')).to.eq('blue');\n  expect(localStorage.getItem('prop3')).to.eq('magenta');\n}); // clearLocalStorage() yields the localStorage object\ncy.clearLocalStorage().should(ls => {\n  expect(ls.getItem('prop1')).to.be.null;\n  expect(ls.getItem('prop2')).to.be.null;\n  expect(ls.getItem('prop3')).to.be.null;\n});\ncy.get('.ls-btn').click().should(() => {\n  expect(localStorage.getItem('prop1')).to.eq('red');\n  expect(localStorage.getItem('prop2')).to.eq('blue');\n  expect(localStorage.getItem('prop3')).to.eq('magenta');\n}); // Clear key matching string in Local Storage\ncy.clearLocalStorage('prop1').should(ls => {\n  expect(ls.getItem('prop1')).to.be.null;\n  expect(ls.getItem('prop2')).to.eq('blue');\n  expect(ls.getItem('prop3')).to.eq('magenta');\n});\ncy.get('.ls-btn').click().should(() => {\n  expect(localStorage.getItem('prop1')).to.eq('red');\n  expect(localStorage.getItem('prop2')).to.eq('blue');\n  expect(localStorage.getItem('prop3')).to.eq('magenta');\n}); // Clear keys matching regex in Local Storage\ncy.clearLocalStorage(/prop1|2/).should(ls => {\n  expect(ls.getItem('prop1')).to.be.null;\n  expect(ls.getItem('prop2')).to.be.null;\n  expect(ls.getItem('prop3')).to.eq('magenta');\n});",
              "err": {},
              "uuid": "7a1186ba-6827-425e-a00d-54d81fe816c3",
              "parentUUID": "fe1a9a5c-3f5e-4711-a86e-b9a8abe94a40",
              "isHook": false,
              "skipped": false
            }
          ],
          "suites": [],
          "passes": [
            "7a1186ba-6827-425e-a00d-54d81fe816c3"
          ],
          "failures": [],
          "pending": [],
          "skipped": [],
          "duration": 1444,
          "root": false,
          "rootEmpty": false,
          "_timeout": 2000
        }
      ],
      "passes": [],
      "failures": [],
      "pending": [],
      "skipped": [],
      "duration": 0,
      "root": true,
      "rootEmpty": true,
      "_timeout": 2000
    }
  ],
  "meta": {
    "mocha": {
      "version": "7.0.1"
    },
    "mochawesome": {
      "options": {
        "quiet": false,
        "reportFilename": "mochawesome",
        "saveHtml": false,
        "saveJson": true,
        "consoleReporter": "spec",
        "useInlineDiffs": false,
        "code": true
      },
      "version": "6.3.1"
    },
    "marge": {
      "options": {
        "reportDir": "cypress/reports/.jsons",
        "charts": true,
        "reportPageTitle": "My Test Suite",
        "embeddedScreenshots": true,
        "inlineAssets": true,
        "overwrite": false,
        "html": false,
        "json": true
      },
      "version": "5.2.0"
    }
  }
}